nohup: ignoring input
    Finished `dev` profile [unoptimized + debuginfo] target(s) in 0.81s
warning: the following packages contain code that will be rejected by a future version of Rust: sqlx-postgres v0.8.0
note: to see what the problems were, use the option `--future-incompat-report`, or run `cargo report future-incompatibilities --id 1`
     Running `target/debug/pylos-server --config pylos.json`
[2m2026-05-30T07:20:06.946401Z[0m [32m INFO[0m [2mpylos_server[0m[2m:[0m Starting Pylos AI Gateway [3mversion[0m[2m=[0m"0.1.0"
[2m2026-05-30T07:20:06.946480Z[0m [32m INFO[0m [2mpylos_server[0m[2m:[0m Using config file [3mpath[0m[2m=[0mpylos.json
[2m2026-05-30T07:20:06.946540Z[0m [32m INFO[0m [2mpylos_application::config_store[0m[2m:[0m Loading config from file [3mpath[0m[2m=[0mpylos.json
[2m2026-05-30T07:20:06.947454Z[0m [32m INFO[0m [2mpylos_application::config_store[0m[2m:[0m Config loaded [3mproviders[0m[2m=[0m8 [3mvirtual_keys[0m[2m=[0m3 [3mplugins[0m[2m=[0m4
[2m2026-05-30T07:20:06.948479Z[0m [32m INFO[0m [2mpylos_application::config_store[0m[2m:[0m Provider registered [3mprovider[0m[2m=[0mollama [3mkeys[0m[2m=[0m1
[2m2026-05-30T07:20:06.948594Z[0m [32m INFO[0m [2mpylos_application::config_store[0m[2m:[0m Provider registered [3mprovider[0m[2m=[0mopenrouter [3mkeys[0m[2m=[0m1
[2m2026-05-30T07:20:06.948641Z[0m [33m WARN[0m [2mpylos_application::config_store[0m[2m:[0m No resolvable keys, skipping provider [3mprovider[0m[2m=[0mopencode-zen
[2m2026-05-30T07:20:06.948721Z[0m [32m INFO[0m [2mpylos_application::config_store[0m[2m:[0m Provider registered [3mprovider[0m[2m=[0mgraphon-rag [3mkeys[0m[2m=[0m1
[2m2026-05-30T07:20:06.948814Z[0m [32m INFO[0m [2mpylos_application::config_store[0m[2m:[0m Provider registered [3mprovider[0m[2m=[0mlemonade-jo3 [3mkeys[0m[2m=[0m1
[2m2026-05-30T07:20:06.948865Z[0m [32m INFO[0m [2mpylos_application::config_store[0m[2m:[0m Bedrock provider registered [3mprovider[0m[2m=[0m"bedrock" [3mregion[0m[2m=[0mus-east-1
[2m2026-05-30T07:20:06.948967Z[0m [32m INFO[0m [2mpylos_application::config_store[0m[2m:[0m Provider registered [3mprovider[0m[2m=[0mdeepseek [3mkeys[0m[2m=[0m1
[2m2026-05-30T07:20:06.949072Z[0m [32m INFO[0m [2mpylos_application::config_store[0m[2m:[0m Provider registered [3mprovider[0m[2m=[0mlemonade-optimus [3mkeys[0m[2m=[0m1
[2m2026-05-30T07:20:06.949198Z[0m [32m INFO[0m [2mpylos_server::state[0m[2m:[0m Providers ready [3mcount[0m[2m=[0m7
[2m2026-05-30T07:20:06.949270Z[0m [32m INFO[0m [2mpylos_server::state[0m[2m:[0m Log store path (SQLite) [3mpath[0m[2m=[0m./pylos-logs.db
[2m2026-05-30T07:20:06.963320Z[0m [32m INFO[0m [2mpylos_application::log_store[0m[2m:[0m Log store: SQLite [3mpath[0m[2m=[0m./pylos-logs.db
[2m2026-05-30T07:20:06.998289Z[0m [32m INFO[0m [2mpylos_application::model_catalog[0m[2m:[0m Model catalog seeded [3mcount[0m[2m=[0m44
[2m2026-05-30T07:20:06.998343Z[0m [32m INFO[0m [2mpylos_application::model_catalog[0m[2m:[0m Model catalog opened (SQLite) [3mpath[0m[2m=[0m./pylos-catalog.db
[2m2026-05-30T07:20:07.010617Z[0m [32m INFO[0m [2mpylos_application::db_pool[0m[2m:[0m Store opened (SQLite) [3mpath[0m[2m=[0m./pylos-budget.db [3mpool[0m[2m=[0mbudget_store
[2m2026-05-30T07:20:07.019138Z[0m [32m INFO[0m [2mpylos_application::budget_store[0m[2m:[0m Budget store opened (SQLite) [3mpath[0m[2m=[0m./pylos-budget.db
[2m2026-05-30T07:20:07.034153Z[0m [32m INFO[0m [2mpylos_application::db_pool[0m[2m:[0m Store opened (SQLite) [3mpath[0m[2m=[0m./pylos-ratelimit.db [3mpool[0m[2m=[0mrate_limit_store
[2m2026-05-30T07:20:07.044582Z[0m [32m INFO[0m [2mpylos_application::rate_limit_store[0m[2m:[0m Rate limit store opened (SQLite) [3mpath[0m[2m=[0m./pylos-ratelimit.db
[2m2026-05-30T07:20:07.056090Z[0m [32m INFO[0m [2mpylos_application::db_pool[0m[2m:[0m Store opened (SQLite) [3mpath[0m[2m=[0m./pylos-virtualkeys.db [3mpool[0m[2m=[0mvirtual_key_store
[2m2026-05-30T07:20:07.065937Z[0m [32m INFO[0m [2mpylos_application::virtual_key_store[0m[2m:[0m Virtual key store opened (SQLite) [3mpath[0m[2m=[0m./pylos-virtualkeys.db
[2m2026-05-30T07:20:07.078331Z[0m [32m INFO[0m [2mpylos_application::config_store[0m[2m:[0m No configuration found in database, inserting bootstrap configuration
[2m2026-05-30T07:20:07.090501Z[0m [32m INFO[0m [2mpylos_server::state[0m[2m:[0m RagPlugin registered
[2m2026-05-30T07:20:07.090634Z[0m [32m INFO[0m [2mpylos_server::state[0m[2m:[0m Semantic Cache plugin enabled [3mname[0m[2m=[0m"semantic_cache"
[2m2026-05-30T07:20:07.090683Z[0m [32m INFO[0m [2mpylos_server::state[0m[2m:[0m Guardrails plugin enabled [3mname[0m[2m=[0m"guardrails"
[2m2026-05-30T07:20:07.091446Z[0m [33m WARN[0m [2mpylos_server[0m[2m:[0m PYLOS_ADMIN_KEY is not set — management API (/providers, /virtual-keys, /config) is unprotected
[2m2026-05-30T07:20:07.092215Z[0m [32m INFO[0m [2mpylos_server[0m[2m:[0m Pylos listening on 0.0.0.0:3000
